[0.009s] Invoking command in '/home/felix/doodle/ros2libtutorial/src/my_package/build/my_package': CMAKE_PREFIX_PATH=${CMAKE_PREFIX_PATH}:/home/felix/doodle/ros2libtutorial/install/launch_testing_examples:/home/felix/doodle/ros2libtutorial/install/examples_rclpy_pointcloud_publisher:/home/felix/doodle/ros2libtutorial/install/examples_rclpy_minimal_subscriber:/home/felix/doodle/ros2libtutorial/install/examples_rclpy_minimal_service:/home/felix/doodle/ros2libtutorial/install/examples_rclpy_minimal_publisher:/home/felix/doodle/ros2libtutorial/install/examples_rclpy_minimal_client:/home/felix/doodle/ros2libtutorial/install/examples_rclpy_minimal_action_server:/home/felix/doodle/ros2libtutorial/install/examples_rclpy_minimal_action_client:/home/felix/doodle/ros2libtutorial/install/examples_rclpy_guard_conditions:/home/felix/doodle/ros2libtutorial/install/examples_rclpy_executors:/nix/store/4pk1p74r2wd4qaci788dmgmzknkswzyf-ros-env _=/nix/store/74sind1d6vf2bfwd7yklg8chsvzqxmmq-coreutils-9.10/bin/env buildPhase={ echo "------------------------------------------------------------";
  echo " WARNING: the existence of this path is not guaranteed.";
  echo " It is an internal implementation detail for pkgs.mkShell.";
  echo "------------------------------------------------------------";
  echo;
  # Record all build inputs as runtime dependencies
  export;
} >> "$out" shellHook=if [ -f install/setup.sh ]; then
  source install/setup.sh
fi

for qt_plugins in \
  /nix/store/i282hl3017jbvqzp38mhl3vzyhkkc8xs-qtbase-5.15.17-bin/lib/qt-*/plugins \
  /nix/store/fcxay86p8rzpky81h2i1f9yg8hp2clkj-qtwayland-5.15.17-bin/lib/qt-*/plugins
do
  if [ -d "$qt_plugins" ]; then
    export QT_PLUGIN_PATH="$qt_plugins${QT_PLUGIN_PATH:+:$QT_PLUGIN_PATH}"
  fi
done

export XDG_RUNTIME_DIR="${XDG_RUNTIME_DIR:-/run/user/$(id -u)}"
export DISPLAY="${DISPLAY:-:0}"
export WAYLAND_DISPLAY="${WAYLAND_DISPLAY:-wayland-1}"
export XDG_SESSION_TYPE="${XDG_SESSION_TYPE:-wayland}"
export QT_QPA_PLATFORM="${QT_QPA_PLATFORM:-xcb}"

if [ -t 1 ]; then
  exec /nix/store/y4b3b0s45lh95v9hnzl1b2na4n8i30zk-zsh-5.9/bin/zsh
fi /nix/store/n3i9hx4y2y9hmv9rdrlibaqh7075drv4-python3.13-cmake-3.31.7/bin/cmake /home/felix/doodle/ros2libtutorial/src/my_package -DCMAKE_INSTALL_PREFIX=/home/felix/doodle/ros2libtutorial/src/my_package/install/my_package
[0.041s] [0mCMake Deprecation Warning at CMakeLists.txt:1 (cmake_minimum_required):
[0.041s]   Compatibility with CMake < 3.10 will be removed from a future version of
[0.042s]   CMake.
[0.042s] 
[0.042s]   Update the VERSION argument <min> value.  Or, use the <min>...<max> syntax
[0.042s]   to tell CMake that the project requires at least <min> but has been updated
[0.042s]   to work with policies introduced by <max> or earlier.
[0.042s] 
[0.042s] [0m
[0.207s] -- The C compiler identification is GNU 15.2.0
[0.392s] -- The CXX compiler identification is GNU 15.2.0
[0.402s] -- Detecting C compiler ABI info
[0.577s] -- Detecting C compiler ABI info - done
[0.714s] -- Check for working C compiler: /nix/store/hb2bs5fg5wkm04x565737qd5nh2hy5nk-gcc-wrapper-15.2.0/bin/gcc - skipped
[0.714s] -- Detecting C compile features
[0.714s] -- Detecting C compile features - done
[1.034s] -- Detecting CXX compiler ABI info
[1.225s] -- Detecting CXX compiler ABI info - done
[1.361s] -- Check for working CXX compiler: /nix/store/hb2bs5fg5wkm04x565737qd5nh2hy5nk-gcc-wrapper-15.2.0/bin/g++ - skipped
[1.361s] -- Detecting CXX compile features
[1.361s] -- Detecting CXX compile features - done
[1.578s] -- Found ament_cmake: 2.5.6 (/nix/store/4pk1p74r2wd4qaci788dmgmzknkswzyf-ros-env/share/ament_cmake/cmake)
[1.737s] -- Found Python3: /nix/store/4pk1p74r2wd4qaci788dmgmzknkswzyf-ros-env/bin/python3 (found version "3.13.7") found components: Interpreter
[1.823s] -- Found ament_lint_auto: 0.17.4 (/nix/store/4pk1p74r2wd4qaci788dmgmzknkswzyf-ros-env/share/ament_lint_auto/cmake)
[1.907s] -- Added test 'cppcheck' to perform static code analysis on C / C++ code
[1.907s] -- Configured cppcheck include dirs: $<BUILD_INTERFACE:/home/felix/doodle/ros2libtutorial/src/my_package/include>
[1.907s] -- Configured cppcheck exclude dirs and/or files: 
[1.908s] -- Added test 'lint_cmake' to check CMake code style
[1.910s] -- Added test 'uncrustify' to check C / C++ code style
[1.910s] -- Configured uncrustify additional arguments: 
[1.910s] -- Added test 'xmllint' to check XML markup files
[1.911s] -- Configuring done (1.9s)
[1.914s] -- Generating done (0.0s)
[1.915s] -- Build files have been written to: /home/felix/doodle/ros2libtutorial/src/my_package/build/my_package
[1.923s] Invoked command in '/home/felix/doodle/ros2libtutorial/src/my_package/build/my_package' returned '0': CMAKE_PREFIX_PATH=${CMAKE_PREFIX_PATH}:/home/felix/doodle/ros2libtutorial/install/launch_testing_examples:/home/felix/doodle/ros2libtutorial/install/examples_rclpy_pointcloud_publisher:/home/felix/doodle/ros2libtutorial/install/examples_rclpy_minimal_subscriber:/home/felix/doodle/ros2libtutorial/install/examples_rclpy_minimal_service:/home/felix/doodle/ros2libtutorial/install/examples_rclpy_minimal_publisher:/home/felix/doodle/ros2libtutorial/install/examples_rclpy_minimal_client:/home/felix/doodle/ros2libtutorial/install/examples_rclpy_minimal_action_server:/home/felix/doodle/ros2libtutorial/install/examples_rclpy_minimal_action_client:/home/felix/doodle/ros2libtutorial/install/examples_rclpy_guard_conditions:/home/felix/doodle/ros2libtutorial/install/examples_rclpy_executors:/nix/store/4pk1p74r2wd4qaci788dmgmzknkswzyf-ros-env _=/nix/store/74sind1d6vf2bfwd7yklg8chsvzqxmmq-coreutils-9.10/bin/env buildPhase={ echo "------------------------------------------------------------";
  echo " WARNING: the existence of this path is not guaranteed.";
  echo " It is an internal implementation detail for pkgs.mkShell.";
  echo "------------------------------------------------------------";
  echo;
  # Record all build inputs as runtime dependencies
  export;
} >> "$out" shellHook=if [ -f install/setup.sh ]; then
  source install/setup.sh
fi

for qt_plugins in \
  /nix/store/i282hl3017jbvqzp38mhl3vzyhkkc8xs-qtbase-5.15.17-bin/lib/qt-*/plugins \
  /nix/store/fcxay86p8rzpky81h2i1f9yg8hp2clkj-qtwayland-5.15.17-bin/lib/qt-*/plugins
do
  if [ -d "$qt_plugins" ]; then
    export QT_PLUGIN_PATH="$qt_plugins${QT_PLUGIN_PATH:+:$QT_PLUGIN_PATH}"
  fi
done

export XDG_RUNTIME_DIR="${XDG_RUNTIME_DIR:-/run/user/$(id -u)}"
export DISPLAY="${DISPLAY:-:0}"
export WAYLAND_DISPLAY="${WAYLAND_DISPLAY:-wayland-1}"
export XDG_SESSION_TYPE="${XDG_SESSION_TYPE:-wayland}"
export QT_QPA_PLATFORM="${QT_QPA_PLATFORM:-xcb}"

if [ -t 1 ]; then
  exec /nix/store/y4b3b0s45lh95v9hnzl1b2na4n8i30zk-zsh-5.9/bin/zsh
fi /nix/store/n3i9hx4y2y9hmv9rdrlibaqh7075drv4-python3.13-cmake-3.31.7/bin/cmake /home/felix/doodle/ros2libtutorial/src/my_package -DCMAKE_INSTALL_PREFIX=/home/felix/doodle/ros2libtutorial/src/my_package/install/my_package
[1.925s] Invoking command in '/home/felix/doodle/ros2libtutorial/src/my_package/build/my_package': CMAKE_PREFIX_PATH=${CMAKE_PREFIX_PATH}:/home/felix/doodle/ros2libtutorial/install/launch_testing_examples:/home/felix/doodle/ros2libtutorial/install/examples_rclpy_pointcloud_publisher:/home/felix/doodle/ros2libtutorial/install/examples_rclpy_minimal_subscriber:/home/felix/doodle/ros2libtutorial/install/examples_rclpy_minimal_service:/home/felix/doodle/ros2libtutorial/install/examples_rclpy_minimal_publisher:/home/felix/doodle/ros2libtutorial/install/examples_rclpy_minimal_client:/home/felix/doodle/ros2libtutorial/install/examples_rclpy_minimal_action_server:/home/felix/doodle/ros2libtutorial/install/examples_rclpy_minimal_action_client:/home/felix/doodle/ros2libtutorial/install/examples_rclpy_guard_conditions:/home/felix/doodle/ros2libtutorial/install/examples_rclpy_executors:/nix/store/4pk1p74r2wd4qaci788dmgmzknkswzyf-ros-env _=/nix/store/74sind1d6vf2bfwd7yklg8chsvzqxmmq-coreutils-9.10/bin/env buildPhase={ echo "------------------------------------------------------------";
  echo " WARNING: the existence of this path is not guaranteed.";
  echo " It is an internal implementation detail for pkgs.mkShell.";
  echo "------------------------------------------------------------";
  echo;
  # Record all build inputs as runtime dependencies
  export;
} >> "$out" shellHook=if [ -f install/setup.sh ]; then
  source install/setup.sh
fi

for qt_plugins in \
  /nix/store/i282hl3017jbvqzp38mhl3vzyhkkc8xs-qtbase-5.15.17-bin/lib/qt-*/plugins \
  /nix/store/fcxay86p8rzpky81h2i1f9yg8hp2clkj-qtwayland-5.15.17-bin/lib/qt-*/plugins
do
  if [ -d "$qt_plugins" ]; then
    export QT_PLUGIN_PATH="$qt_plugins${QT_PLUGIN_PATH:+:$QT_PLUGIN_PATH}"
  fi
done

export XDG_RUNTIME_DIR="${XDG_RUNTIME_DIR:-/run/user/$(id -u)}"
export DISPLAY="${DISPLAY:-:0}"
export WAYLAND_DISPLAY="${WAYLAND_DISPLAY:-wayland-1}"
export XDG_SESSION_TYPE="${XDG_SESSION_TYPE:-wayland}"
export QT_QPA_PLATFORM="${QT_QPA_PLATFORM:-xcb}"

if [ -t 1 ]; then
  exec /nix/store/y4b3b0s45lh95v9hnzl1b2na4n8i30zk-zsh-5.9/bin/zsh
fi /nix/store/n3i9hx4y2y9hmv9rdrlibaqh7075drv4-python3.13-cmake-3.31.7/bin/cmake --build /home/felix/doodle/ros2libtutorial/src/my_package/build/my_package -- -j32 -l32
[1.984s] [ 50%] [32mBuilding CXX object CMakeFiles/my_node.dir/src/my_node.cpp.o[0m
[2.020s] [100%] [32m[1mLinking CXX executable my_node[0m
[2.192s] [100%] Built target my_node
[2.205s] Invoked command in '/home/felix/doodle/ros2libtutorial/src/my_package/build/my_package' returned '0': CMAKE_PREFIX_PATH=${CMAKE_PREFIX_PATH}:/home/felix/doodle/ros2libtutorial/install/launch_testing_examples:/home/felix/doodle/ros2libtutorial/install/examples_rclpy_pointcloud_publisher:/home/felix/doodle/ros2libtutorial/install/examples_rclpy_minimal_subscriber:/home/felix/doodle/ros2libtutorial/install/examples_rclpy_minimal_service:/home/felix/doodle/ros2libtutorial/install/examples_rclpy_minimal_publisher:/home/felix/doodle/ros2libtutorial/install/examples_rclpy_minimal_client:/home/felix/doodle/ros2libtutorial/install/examples_rclpy_minimal_action_server:/home/felix/doodle/ros2libtutorial/install/examples_rclpy_minimal_action_client:/home/felix/doodle/ros2libtutorial/install/examples_rclpy_guard_conditions:/home/felix/doodle/ros2libtutorial/install/examples_rclpy_executors:/nix/store/4pk1p74r2wd4qaci788dmgmzknkswzyf-ros-env _=/nix/store/74sind1d6vf2bfwd7yklg8chsvzqxmmq-coreutils-9.10/bin/env buildPhase={ echo "------------------------------------------------------------";
  echo " WARNING: the existence of this path is not guaranteed.";
  echo " It is an internal implementation detail for pkgs.mkShell.";
  echo "------------------------------------------------------------";
  echo;
  # Record all build inputs as runtime dependencies
  export;
} >> "$out" shellHook=if [ -f install/setup.sh ]; then
  source install/setup.sh
fi

for qt_plugins in \
  /nix/store/i282hl3017jbvqzp38mhl3vzyhkkc8xs-qtbase-5.15.17-bin/lib/qt-*/plugins \
  /nix/store/fcxay86p8rzpky81h2i1f9yg8hp2clkj-qtwayland-5.15.17-bin/lib/qt-*/plugins
do
  if [ -d "$qt_plugins" ]; then
    export QT_PLUGIN_PATH="$qt_plugins${QT_PLUGIN_PATH:+:$QT_PLUGIN_PATH}"
  fi
done

export XDG_RUNTIME_DIR="${XDG_RUNTIME_DIR:-/run/user/$(id -u)}"
export DISPLAY="${DISPLAY:-:0}"
export WAYLAND_DISPLAY="${WAYLAND_DISPLAY:-wayland-1}"
export XDG_SESSION_TYPE="${XDG_SESSION_TYPE:-wayland}"
export QT_QPA_PLATFORM="${QT_QPA_PLATFORM:-xcb}"

if [ -t 1 ]; then
  exec /nix/store/y4b3b0s45lh95v9hnzl1b2na4n8i30zk-zsh-5.9/bin/zsh
fi /nix/store/n3i9hx4y2y9hmv9rdrlibaqh7075drv4-python3.13-cmake-3.31.7/bin/cmake --build /home/felix/doodle/ros2libtutorial/src/my_package/build/my_package -- -j32 -l32
[2.242s] Invoking command in '/home/felix/doodle/ros2libtutorial/src/my_package/build/my_package': CMAKE_PREFIX_PATH=${CMAKE_PREFIX_PATH}:/home/felix/doodle/ros2libtutorial/install/launch_testing_examples:/home/felix/doodle/ros2libtutorial/install/examples_rclpy_pointcloud_publisher:/home/felix/doodle/ros2libtutorial/install/examples_rclpy_minimal_subscriber:/home/felix/doodle/ros2libtutorial/install/examples_rclpy_minimal_service:/home/felix/doodle/ros2libtutorial/install/examples_rclpy_minimal_publisher:/home/felix/doodle/ros2libtutorial/install/examples_rclpy_minimal_client:/home/felix/doodle/ros2libtutorial/install/examples_rclpy_minimal_action_server:/home/felix/doodle/ros2libtutorial/install/examples_rclpy_minimal_action_client:/home/felix/doodle/ros2libtutorial/install/examples_rclpy_guard_conditions:/home/felix/doodle/ros2libtutorial/install/examples_rclpy_executors:/nix/store/4pk1p74r2wd4qaci788dmgmzknkswzyf-ros-env _=/nix/store/74sind1d6vf2bfwd7yklg8chsvzqxmmq-coreutils-9.10/bin/env buildPhase={ echo "------------------------------------------------------------";
  echo " WARNING: the existence of this path is not guaranteed.";
  echo " It is an internal implementation detail for pkgs.mkShell.";
  echo "------------------------------------------------------------";
  echo;
  # Record all build inputs as runtime dependencies
  export;
} >> "$out" shellHook=if [ -f install/setup.sh ]; then
  source install/setup.sh
fi

for qt_plugins in \
  /nix/store/i282hl3017jbvqzp38mhl3vzyhkkc8xs-qtbase-5.15.17-bin/lib/qt-*/plugins \
  /nix/store/fcxay86p8rzpky81h2i1f9yg8hp2clkj-qtwayland-5.15.17-bin/lib/qt-*/plugins
do
  if [ -d "$qt_plugins" ]; then
    export QT_PLUGIN_PATH="$qt_plugins${QT_PLUGIN_PATH:+:$QT_PLUGIN_PATH}"
  fi
done

export XDG_RUNTIME_DIR="${XDG_RUNTIME_DIR:-/run/user/$(id -u)}"
export DISPLAY="${DISPLAY:-:0}"
export WAYLAND_DISPLAY="${WAYLAND_DISPLAY:-wayland-1}"
export XDG_SESSION_TYPE="${XDG_SESSION_TYPE:-wayland}"
export QT_QPA_PLATFORM="${QT_QPA_PLATFORM:-xcb}"

if [ -t 1 ]; then
  exec /nix/store/y4b3b0s45lh95v9hnzl1b2na4n8i30zk-zsh-5.9/bin/zsh
fi /nix/store/n3i9hx4y2y9hmv9rdrlibaqh7075drv4-python3.13-cmake-3.31.7/bin/cmake --install /home/felix/doodle/ros2libtutorial/src/my_package/build/my_package
[2.269s] -- Install configuration: ""
[2.269s] -- Installing: /home/felix/doodle/ros2libtutorial/src/my_package/install/my_package/lib/my_package/my_node
[2.269s] -- Installing: /home/felix/doodle/ros2libtutorial/src/my_package/install/my_package/share/ament_index/resource_index/package_run_dependencies/my_package
[2.269s] -- Installing: /home/felix/doodle/ros2libtutorial/src/my_package/install/my_package/share/ament_index/resource_index/parent_prefix_path/my_package
[2.269s] -- Installing: /home/felix/doodle/ros2libtutorial/src/my_package/install/my_package/share/my_package/environment/ament_prefix_path.sh
[2.269s] -- Installing: /home/felix/doodle/ros2libtutorial/src/my_package/install/my_package/share/my_package/environment/ament_prefix_path.dsv
[2.269s] -- Installing: /home/felix/doodle/ros2libtutorial/src/my_package/install/my_package/share/my_package/environment/path.sh
[2.269s] -- Installing: /home/felix/doodle/ros2libtutorial/src/my_package/install/my_package/share/my_package/environment/path.dsv
[2.269s] -- Installing: /home/felix/doodle/ros2libtutorial/src/my_package/install/my_package/share/my_package/local_setup.bash
[2.269s] -- Installing: /home/felix/doodle/ros2libtutorial/src/my_package/install/my_package/share/my_package/local_setup.sh
[2.269s] -- Installing: /home/felix/doodle/ros2libtutorial/src/my_package/install/my_package/share/my_package/local_setup.zsh
[2.269s] -- Installing: /home/felix/doodle/ros2libtutorial/src/my_package/install/my_package/share/my_package/local_setup.dsv
[2.269s] -- Installing: /home/felix/doodle/ros2libtutorial/src/my_package/install/my_package/share/my_package/package.dsv
[2.269s] -- Installing: /home/felix/doodle/ros2libtutorial/src/my_package/install/my_package/share/ament_index/resource_index/packages/my_package
[2.270s] -- Installing: /home/felix/doodle/ros2libtutorial/src/my_package/install/my_package/share/my_package/cmake/my_packageConfig.cmake
[2.270s] -- Installing: /home/felix/doodle/ros2libtutorial/src/my_package/install/my_package/share/my_package/cmake/my_packageConfig-version.cmake
[2.270s] -- Installing: /home/felix/doodle/ros2libtutorial/src/my_package/install/my_package/share/my_package/package.xml
[2.274s] Invoked command in '/home/felix/doodle/ros2libtutorial/src/my_package/build/my_package' returned '0': CMAKE_PREFIX_PATH=${CMAKE_PREFIX_PATH}:/home/felix/doodle/ros2libtutorial/install/launch_testing_examples:/home/felix/doodle/ros2libtutorial/install/examples_rclpy_pointcloud_publisher:/home/felix/doodle/ros2libtutorial/install/examples_rclpy_minimal_subscriber:/home/felix/doodle/ros2libtutorial/install/examples_rclpy_minimal_service:/home/felix/doodle/ros2libtutorial/install/examples_rclpy_minimal_publisher:/home/felix/doodle/ros2libtutorial/install/examples_rclpy_minimal_client:/home/felix/doodle/ros2libtutorial/install/examples_rclpy_minimal_action_server:/home/felix/doodle/ros2libtutorial/install/examples_rclpy_minimal_action_client:/home/felix/doodle/ros2libtutorial/install/examples_rclpy_guard_conditions:/home/felix/doodle/ros2libtutorial/install/examples_rclpy_executors:/nix/store/4pk1p74r2wd4qaci788dmgmzknkswzyf-ros-env _=/nix/store/74sind1d6vf2bfwd7yklg8chsvzqxmmq-coreutils-9.10/bin/env buildPhase={ echo "------------------------------------------------------------";
  echo " WARNING: the existence of this path is not guaranteed.";
  echo " It is an internal implementation detail for pkgs.mkShell.";
  echo "------------------------------------------------------------";
  echo;
  # Record all build inputs as runtime dependencies
  export;
} >> "$out" shellHook=if [ -f install/setup.sh ]; then
  source install/setup.sh
fi

for qt_plugins in \
  /nix/store/i282hl3017jbvqzp38mhl3vzyhkkc8xs-qtbase-5.15.17-bin/lib/qt-*/plugins \
  /nix/store/fcxay86p8rzpky81h2i1f9yg8hp2clkj-qtwayland-5.15.17-bin/lib/qt-*/plugins
do
  if [ -d "$qt_plugins" ]; then
    export QT_PLUGIN_PATH="$qt_plugins${QT_PLUGIN_PATH:+:$QT_PLUGIN_PATH}"
  fi
done

export XDG_RUNTIME_DIR="${XDG_RUNTIME_DIR:-/run/user/$(id -u)}"
export DISPLAY="${DISPLAY:-:0}"
export WAYLAND_DISPLAY="${WAYLAND_DISPLAY:-wayland-1}"
export XDG_SESSION_TYPE="${XDG_SESSION_TYPE:-wayland}"
export QT_QPA_PLATFORM="${QT_QPA_PLATFORM:-xcb}"

if [ -t 1 ]; then
  exec /nix/store/y4b3b0s45lh95v9hnzl1b2na4n8i30zk-zsh-5.9/bin/zsh
fi /nix/store/n3i9hx4y2y9hmv9rdrlibaqh7075drv4-python3.13-cmake-3.31.7/bin/cmake --install /home/felix/doodle/ros2libtutorial/src/my_package/build/my_package
