[-1776745266189649152.000s] DEBUG:colcon:Command line arguments: ['/nix/store/81gm19dw6s4l24p8mpnrxvi66yddgids-python3.13-colcon-core-0.20.1/bin/colcon', 'build']
[-1776745266189649152.000s] DEBUG:colcon:Parsed command line arguments: Namespace(log_base=None, log_level=None, verb_name='build', build_base='build', install_base='install', merge_install=False, symlink_install=False, test_result_base=None, continue_on_error=False, executor='parallel', parallel_workers=32, event_handlers=None, ignore_user_meta=False, metas=['./colcon.meta'], base_paths=['.'], packages_ignore=None, packages_ignore_regex=None, paths=None, packages_up_to=None, packages_up_to_regex=None, packages_above=None, packages_above_and_dependencies=None, packages_above_depth=None, packages_select_by_dep=None, packages_skip_by_dep=None, packages_skip_up_to=None, packages_select_build_failed=False, packages_skip_build_finished=False, packages_select_test_failures=False, packages_skip_test_passed=False, packages_select=None, packages_skip=None, packages_select_regex=None, packages_skip_regex=None, packages_start=None, packages_end=None, cmake_args=None, cmake_target=None, cmake_target_skip_unavailable=False, cmake_clean_cache=False, cmake_clean_first=False, cmake_force_configure=False, ament_cmake_args=None, catkin_cmake_args=None, catkin_skip_building_tests=False, mixin_files=None, mixin=None, verb_parser=<colcon_mixin.mixin.mixin_argument.MixinArgumentDecorator object at 0x7ffff5e03250>, verb_extension=<colcon_core.verb.build.BuildVerb object at 0x7ffff5e60ec0>, main=<bound method BuildVerb.main of <colcon_core.verb.build.BuildVerb object at 0x7ffff5e60ec0>>, mixin_verb=('build',))
[-1776745266189649152.000s] Level 1:colcon.colcon_core.package_discovery:discover_packages(colcon_meta) check parameters
[-1776745266189649152.000s] Level 1:colcon.colcon_core.package_discovery:discover_packages(recursive) check parameters
[-1776745266189649152.000s] Level 1:colcon.colcon_core.package_discovery:discover_packages(ignore) check parameters
[-1776745266189649152.000s] Level 1:colcon.colcon_core.package_discovery:discover_packages(path) check parameters
[-1776745266189649152.000s] Level 1:colcon.colcon_core.package_discovery:discover_packages(colcon_meta) discover
[-1776745266189649152.000s] Level 1:colcon.colcon_core.package_discovery:discover_packages(recursive) discover
[-1776745266189649152.000s] INFO:colcon.colcon_core.package_discovery:Crawling recursively for packages in '/home/felix/doodle/ros2libtutorial/src/my_package'
[-1776745266189649152.000s] Level 1:colcon.colcon_core.package_identification:_identify(.) by extensions ['ignore', 'ignore_ament_install']
[-1776745266189649152.000s] Level 1:colcon.colcon_core.package_identification:_identify(.) by extension 'ignore'
[-1776745266189649152.000s] Level 1:colcon.colcon_core.package_identification:_identify(.) by extension 'ignore_ament_install'
[-1776745266189649152.000s] Level 1:colcon.colcon_core.package_identification:_identify(.) by extensions ['colcon_pkg']
[-1776745266189649152.000s] Level 1:colcon.colcon_core.package_identification:_identify(.) by extension 'colcon_pkg'
[-1776745266189649152.000s] Level 1:colcon.colcon_core.package_identification:_identify(.) by extensions ['colcon_meta']
[-1776745266189649152.000s] Level 1:colcon.colcon_core.package_identification:_identify(.) by extension 'colcon_meta'
[-1776745266189649152.000s] Level 1:colcon.colcon_core.package_identification:_identify(.) by extensions ['ros']
[-1776745266189649152.000s] Level 1:colcon.colcon_core.package_identification:_identify(.) by extension 'ros'
[-1776745266189649152.000s] DEBUG:colcon.colcon_core.package_identification:Package '.' with type 'ros.ament_cmake' and name 'my_package'
[-1776745266189649152.000s] Level 1:colcon.colcon_core.package_discovery:discover_packages(recursive) using defaults
[-1776745266189649152.000s] Level 1:colcon.colcon_core.package_discovery:discover_packages(ignore) discover
[-1776745266189649152.000s] Level 1:colcon.colcon_core.package_discovery:discover_packages(ignore) using defaults
[-1776745266189649152.000s] Level 1:colcon.colcon_core.package_discovery:discover_packages(path) discover
[-1776745266189649152.000s] Level 1:colcon.colcon_core.package_discovery:discover_packages(path) using defaults
[-1776745266189649152.000s] Level 5:colcon.colcon_core.verb:set package 'my_package' build argument 'cmake_args' from command line to 'None'
[-1776745266189649152.000s] Level 5:colcon.colcon_core.verb:set package 'my_package' build argument 'cmake_target' from command line to 'None'
[-1776745266189649152.000s] Level 5:colcon.colcon_core.verb:set package 'my_package' build argument 'cmake_target_skip_unavailable' from command line to 'False'
[-1776745266189649152.000s] Level 5:colcon.colcon_core.verb:set package 'my_package' build argument 'cmake_clean_cache' from command line to 'False'
[-1776745266189649152.000s] Level 5:colcon.colcon_core.verb:set package 'my_package' build argument 'cmake_clean_first' from command line to 'False'
[-1776745266189649152.000s] Level 5:colcon.colcon_core.verb:set package 'my_package' build argument 'cmake_force_configure' from command line to 'False'
[-1776745266189649152.000s] Level 5:colcon.colcon_core.verb:set package 'my_package' build argument 'ament_cmake_args' from command line to 'None'
[-1776745266189649152.000s] Level 5:colcon.colcon_core.verb:set package 'my_package' build argument 'catkin_cmake_args' from command line to 'None'
[-1776745266189649152.000s] Level 5:colcon.colcon_core.verb:set package 'my_package' build argument 'catkin_skip_building_tests' from command line to 'False'
[-1776745266189649152.000s] DEBUG:colcon.colcon_core.verb:Building package 'my_package' with the following arguments: {'ament_cmake_args': None, 'build_base': '/home/felix/doodle/ros2libtutorial/src/my_package/build/my_package', 'catkin_cmake_args': None, 'catkin_skip_building_tests': False, 'cmake_args': None, 'cmake_clean_cache': False, 'cmake_clean_first': False, 'cmake_force_configure': False, 'cmake_target': None, 'cmake_target_skip_unavailable': False, 'install_base': '/home/felix/doodle/ros2libtutorial/src/my_package/install/my_package', 'merge_install': False, 'path': '/home/felix/doodle/ros2libtutorial/src/my_package', 'symlink_install': False, 'test_result_base': None}
[-1776745266189649152.000s] INFO:colcon.colcon_core.executor:Executing jobs using 'parallel' executor
[-1776745266189649152.000s] DEBUG:colcon.colcon_parallel_executor.executor.parallel:run_until_complete
[-1776745266189649152.000s] INFO:colcon.colcon_ros.task.ament_cmake.build:Building ROS package in '/home/felix/doodle/ros2libtutorial/src/my_package' with build type 'ament_cmake'
[-1776745266189649152.000s] INFO:colcon.colcon_cmake.task.cmake.build:Building CMake package in '/home/felix/doodle/ros2libtutorial/src/my_package'
[-1776745266189649152.000s] INFO:colcon.colcon_core.plugin_system:Skipping extension 'colcon_core.shell.bat': Not used on non-Windows systems
[-1776745266189649152.000s] DEBUG:colcon.colcon_core.shell:Skip shell extension 'dsv' for command environment
[-1776745266189649152.000s] WARNING:colcon.colcon_ros.prefix_path.ament:The path '/nix/store/4pk1p74r2wd4qaci788dmgmzknkswzyf-ros-env' in the environment variable AMENT_PREFIX_PATH doesn't contain any 'local_setup.*' files.
[-1776745266189649152.000s] DEBUG:colcon.colcon_core.event_handler.log_command:Invoking command in '/home/felix/doodle/ros2libtutorial/src/my_package/build/my_package': CMAKE_PREFIX_PATH=${CMAKE_PREFIX_PATH}:/home/felix/doodle/ros2libtutorial/install/launch_testing_examples:/home/felix/doodle/ros2libtutorial/install/examples_rclpy_pointcloud_publisher:/home/felix/doodle/ros2libtutorial/install/examples_rclpy_minimal_subscriber:/home/felix/doodle/ros2libtutorial/install/examples_rclpy_minimal_service:/home/felix/doodle/ros2libtutorial/install/examples_rclpy_minimal_publisher:/home/felix/doodle/ros2libtutorial/install/examples_rclpy_minimal_client:/home/felix/doodle/ros2libtutorial/install/examples_rclpy_minimal_action_server:/home/felix/doodle/ros2libtutorial/install/examples_rclpy_minimal_action_client:/home/felix/doodle/ros2libtutorial/install/examples_rclpy_guard_conditions:/home/felix/doodle/ros2libtutorial/install/examples_rclpy_executors:/nix/store/4pk1p74r2wd4qaci788dmgmzknkswzyf-ros-env _=/nix/store/74sind1d6vf2bfwd7yklg8chsvzqxmmq-coreutils-9.10/bin/env buildPhase={ echo "------------------------------------------------------------";
  echo " WARNING: the existence of this path is not guaranteed.";
  echo " It is an internal implementation detail for pkgs.mkShell.";
  echo "------------------------------------------------------------";
  echo;
  # Record all build inputs as runtime dependencies
  export;
} >> "$out" shellHook=if [ -f install/setup.sh ]; then
  source install/setup.sh
fi

for qt_plugins in \
  /nix/store/i282hl3017jbvqzp38mhl3vzyhkkc8xs-qtbase-5.15.17-bin/lib/qt-*/plugins \
  /nix/store/fcxay86p8rzpky81h2i1f9yg8hp2clkj-qtwayland-5.15.17-bin/lib/qt-*/plugins
do
  if [ -d "$qt_plugins" ]; then
    export QT_PLUGIN_PATH="$qt_plugins${QT_PLUGIN_PATH:+:$QT_PLUGIN_PATH}"
  fi
done

export XDG_RUNTIME_DIR="${XDG_RUNTIME_DIR:-/run/user/$(id -u)}"
export DISPLAY="${DISPLAY:-:0}"
export WAYLAND_DISPLAY="${WAYLAND_DISPLAY:-wayland-1}"
export XDG_SESSION_TYPE="${XDG_SESSION_TYPE:-wayland}"
export QT_QPA_PLATFORM="${QT_QPA_PLATFORM:-xcb}"

if [ -t 1 ]; then
  exec /nix/store/y4b3b0s45lh95v9hnzl1b2na4n8i30zk-zsh-5.9/bin/zsh
fi /nix/store/n3i9hx4y2y9hmv9rdrlibaqh7075drv4-python3.13-cmake-3.31.7/bin/cmake /home/felix/doodle/ros2libtutorial/src/my_package -DCMAKE_INSTALL_PREFIX=/home/felix/doodle/ros2libtutorial/src/my_package/install/my_package
[-1776745266189649152.000s] DEBUG:colcon.colcon_core.event_handler.log_command:Invoked command in '/home/felix/doodle/ros2libtutorial/src/my_package/build/my_package' returned '0': CMAKE_PREFIX_PATH=${CMAKE_PREFIX_PATH}:/home/felix/doodle/ros2libtutorial/install/launch_testing_examples:/home/felix/doodle/ros2libtutorial/install/examples_rclpy_pointcloud_publisher:/home/felix/doodle/ros2libtutorial/install/examples_rclpy_minimal_subscriber:/home/felix/doodle/ros2libtutorial/install/examples_rclpy_minimal_service:/home/felix/doodle/ros2libtutorial/install/examples_rclpy_minimal_publisher:/home/felix/doodle/ros2libtutorial/install/examples_rclpy_minimal_client:/home/felix/doodle/ros2libtutorial/install/examples_rclpy_minimal_action_server:/home/felix/doodle/ros2libtutorial/install/examples_rclpy_minimal_action_client:/home/felix/doodle/ros2libtutorial/install/examples_rclpy_guard_conditions:/home/felix/doodle/ros2libtutorial/install/examples_rclpy_executors:/nix/store/4pk1p74r2wd4qaci788dmgmzknkswzyf-ros-env _=/nix/store/74sind1d6vf2bfwd7yklg8chsvzqxmmq-coreutils-9.10/bin/env buildPhase={ echo "------------------------------------------------------------";
  echo " WARNING: the existence of this path is not guaranteed.";
  echo " It is an internal implementation detail for pkgs.mkShell.";
  echo "------------------------------------------------------------";
  echo;
  # Record all build inputs as runtime dependencies
  export;
} >> "$out" shellHook=if [ -f install/setup.sh ]; then
  source install/setup.sh
fi

for qt_plugins in \
  /nix/store/i282hl3017jbvqzp38mhl3vzyhkkc8xs-qtbase-5.15.17-bin/lib/qt-*/plugins \
  /nix/store/fcxay86p8rzpky81h2i1f9yg8hp2clkj-qtwayland-5.15.17-bin/lib/qt-*/plugins
do
  if [ -d "$qt_plugins" ]; then
    export QT_PLUGIN_PATH="$qt_plugins${QT_PLUGIN_PATH:+:$QT_PLUGIN_PATH}"
  fi
done

export XDG_RUNTIME_DIR="${XDG_RUNTIME_DIR:-/run/user/$(id -u)}"
export DISPLAY="${DISPLAY:-:0}"
export WAYLAND_DISPLAY="${WAYLAND_DISPLAY:-wayland-1}"
export XDG_SESSION_TYPE="${XDG_SESSION_TYPE:-wayland}"
export QT_QPA_PLATFORM="${QT_QPA_PLATFORM:-xcb}"

if [ -t 1 ]; then
  exec /nix/store/y4b3b0s45lh95v9hnzl1b2na4n8i30zk-zsh-5.9/bin/zsh
fi /nix/store/n3i9hx4y2y9hmv9rdrlibaqh7075drv4-python3.13-cmake-3.31.7/bin/cmake /home/felix/doodle/ros2libtutorial/src/my_package -DCMAKE_INSTALL_PREFIX=/home/felix/doodle/ros2libtutorial/src/my_package/install/my_package
[-1776745266189649152.000s] DEBUG:colcon.colcon_core.event_handler.log_command:Invoking command in '/home/felix/doodle/ros2libtutorial/src/my_package/build/my_package': CMAKE_PREFIX_PATH=${CMAKE_PREFIX_PATH}:/home/felix/doodle/ros2libtutorial/install/launch_testing_examples:/home/felix/doodle/ros2libtutorial/install/examples_rclpy_pointcloud_publisher:/home/felix/doodle/ros2libtutorial/install/examples_rclpy_minimal_subscriber:/home/felix/doodle/ros2libtutorial/install/examples_rclpy_minimal_service:/home/felix/doodle/ros2libtutorial/install/examples_rclpy_minimal_publisher:/home/felix/doodle/ros2libtutorial/install/examples_rclpy_minimal_client:/home/felix/doodle/ros2libtutorial/install/examples_rclpy_minimal_action_server:/home/felix/doodle/ros2libtutorial/install/examples_rclpy_minimal_action_client:/home/felix/doodle/ros2libtutorial/install/examples_rclpy_guard_conditions:/home/felix/doodle/ros2libtutorial/install/examples_rclpy_executors:/nix/store/4pk1p74r2wd4qaci788dmgmzknkswzyf-ros-env _=/nix/store/74sind1d6vf2bfwd7yklg8chsvzqxmmq-coreutils-9.10/bin/env buildPhase={ echo "------------------------------------------------------------";
  echo " WARNING: the existence of this path is not guaranteed.";
  echo " It is an internal implementation detail for pkgs.mkShell.";
  echo "------------------------------------------------------------";
  echo;
  # Record all build inputs as runtime dependencies
  export;
} >> "$out" shellHook=if [ -f install/setup.sh ]; then
  source install/setup.sh
fi

for qt_plugins in \
  /nix/store/i282hl3017jbvqzp38mhl3vzyhkkc8xs-qtbase-5.15.17-bin/lib/qt-*/plugins \
  /nix/store/fcxay86p8rzpky81h2i1f9yg8hp2clkj-qtwayland-5.15.17-bin/lib/qt-*/plugins
do
  if [ -d "$qt_plugins" ]; then
    export QT_PLUGIN_PATH="$qt_plugins${QT_PLUGIN_PATH:+:$QT_PLUGIN_PATH}"
  fi
done

export XDG_RUNTIME_DIR="${XDG_RUNTIME_DIR:-/run/user/$(id -u)}"
export DISPLAY="${DISPLAY:-:0}"
export WAYLAND_DISPLAY="${WAYLAND_DISPLAY:-wayland-1}"
export XDG_SESSION_TYPE="${XDG_SESSION_TYPE:-wayland}"
export QT_QPA_PLATFORM="${QT_QPA_PLATFORM:-xcb}"

if [ -t 1 ]; then
  exec /nix/store/y4b3b0s45lh95v9hnzl1b2na4n8i30zk-zsh-5.9/bin/zsh
fi /nix/store/n3i9hx4y2y9hmv9rdrlibaqh7075drv4-python3.13-cmake-3.31.7/bin/cmake --build /home/felix/doodle/ros2libtutorial/src/my_package/build/my_package -- -j32 -l32
[-1776745266189649152.000s] DEBUG:colcon.colcon_core.event_handler.log_command:Invoked command in '/home/felix/doodle/ros2libtutorial/src/my_package/build/my_package' returned '0': CMAKE_PREFIX_PATH=${CMAKE_PREFIX_PATH}:/home/felix/doodle/ros2libtutorial/install/launch_testing_examples:/home/felix/doodle/ros2libtutorial/install/examples_rclpy_pointcloud_publisher:/home/felix/doodle/ros2libtutorial/install/examples_rclpy_minimal_subscriber:/home/felix/doodle/ros2libtutorial/install/examples_rclpy_minimal_service:/home/felix/doodle/ros2libtutorial/install/examples_rclpy_minimal_publisher:/home/felix/doodle/ros2libtutorial/install/examples_rclpy_minimal_client:/home/felix/doodle/ros2libtutorial/install/examples_rclpy_minimal_action_server:/home/felix/doodle/ros2libtutorial/install/examples_rclpy_minimal_action_client:/home/felix/doodle/ros2libtutorial/install/examples_rclpy_guard_conditions:/home/felix/doodle/ros2libtutorial/install/examples_rclpy_executors:/nix/store/4pk1p74r2wd4qaci788dmgmzknkswzyf-ros-env _=/nix/store/74sind1d6vf2bfwd7yklg8chsvzqxmmq-coreutils-9.10/bin/env buildPhase={ echo "------------------------------------------------------------";
  echo " WARNING: the existence of this path is not guaranteed.";
  echo " It is an internal implementation detail for pkgs.mkShell.";
  echo "------------------------------------------------------------";
  echo;
  # Record all build inputs as runtime dependencies
  export;
} >> "$out" shellHook=if [ -f install/setup.sh ]; then
  source install/setup.sh
fi

for qt_plugins in \
  /nix/store/i282hl3017jbvqzp38mhl3vzyhkkc8xs-qtbase-5.15.17-bin/lib/qt-*/plugins \
  /nix/store/fcxay86p8rzpky81h2i1f9yg8hp2clkj-qtwayland-5.15.17-bin/lib/qt-*/plugins
do
  if [ -d "$qt_plugins" ]; then
    export QT_PLUGIN_PATH="$qt_plugins${QT_PLUGIN_PATH:+:$QT_PLUGIN_PATH}"
  fi
done

export XDG_RUNTIME_DIR="${XDG_RUNTIME_DIR:-/run/user/$(id -u)}"
export DISPLAY="${DISPLAY:-:0}"
export WAYLAND_DISPLAY="${WAYLAND_DISPLAY:-wayland-1}"
export XDG_SESSION_TYPE="${XDG_SESSION_TYPE:-wayland}"
export QT_QPA_PLATFORM="${QT_QPA_PLATFORM:-xcb}"

if [ -t 1 ]; then
  exec /nix/store/y4b3b0s45lh95v9hnzl1b2na4n8i30zk-zsh-5.9/bin/zsh
fi /nix/store/n3i9hx4y2y9hmv9rdrlibaqh7075drv4-python3.13-cmake-3.31.7/bin/cmake --build /home/felix/doodle/ros2libtutorial/src/my_package/build/my_package -- -j32 -l32
[-1776745266189649152.000s] DEBUG:colcon.colcon_core.event_handler.log_command:Invoking command in '/home/felix/doodle/ros2libtutorial/src/my_package/build/my_package': CMAKE_PREFIX_PATH=${CMAKE_PREFIX_PATH}:/home/felix/doodle/ros2libtutorial/install/launch_testing_examples:/home/felix/doodle/ros2libtutorial/install/examples_rclpy_pointcloud_publisher:/home/felix/doodle/ros2libtutorial/install/examples_rclpy_minimal_subscriber:/home/felix/doodle/ros2libtutorial/install/examples_rclpy_minimal_service:/home/felix/doodle/ros2libtutorial/install/examples_rclpy_minimal_publisher:/home/felix/doodle/ros2libtutorial/install/examples_rclpy_minimal_client:/home/felix/doodle/ros2libtutorial/install/examples_rclpy_minimal_action_server:/home/felix/doodle/ros2libtutorial/install/examples_rclpy_minimal_action_client:/home/felix/doodle/ros2libtutorial/install/examples_rclpy_guard_conditions:/home/felix/doodle/ros2libtutorial/install/examples_rclpy_executors:/nix/store/4pk1p74r2wd4qaci788dmgmzknkswzyf-ros-env _=/nix/store/74sind1d6vf2bfwd7yklg8chsvzqxmmq-coreutils-9.10/bin/env buildPhase={ echo "------------------------------------------------------------";
  echo " WARNING: the existence of this path is not guaranteed.";
  echo " It is an internal implementation detail for pkgs.mkShell.";
  echo "------------------------------------------------------------";
  echo;
  # Record all build inputs as runtime dependencies
  export;
} >> "$out" shellHook=if [ -f install/setup.sh ]; then
  source install/setup.sh
fi

for qt_plugins in \
  /nix/store/i282hl3017jbvqzp38mhl3vzyhkkc8xs-qtbase-5.15.17-bin/lib/qt-*/plugins \
  /nix/store/fcxay86p8rzpky81h2i1f9yg8hp2clkj-qtwayland-5.15.17-bin/lib/qt-*/plugins
do
  if [ -d "$qt_plugins" ]; then
    export QT_PLUGIN_PATH="$qt_plugins${QT_PLUGIN_PATH:+:$QT_PLUGIN_PATH}"
  fi
done

export XDG_RUNTIME_DIR="${XDG_RUNTIME_DIR:-/run/user/$(id -u)}"
export DISPLAY="${DISPLAY:-:0}"
export WAYLAND_DISPLAY="${WAYLAND_DISPLAY:-wayland-1}"
export XDG_SESSION_TYPE="${XDG_SESSION_TYPE:-wayland}"
export QT_QPA_PLATFORM="${QT_QPA_PLATFORM:-xcb}"

if [ -t 1 ]; then
  exec /nix/store/y4b3b0s45lh95v9hnzl1b2na4n8i30zk-zsh-5.9/bin/zsh
fi /nix/store/n3i9hx4y2y9hmv9rdrlibaqh7075drv4-python3.13-cmake-3.31.7/bin/cmake --install /home/felix/doodle/ros2libtutorial/src/my_package/build/my_package
[-1776745266189649152.000s] Level 1:colcon.colcon_core.environment:create_environment_scripts_only(my_package)
[-1776745266189649152.000s] DEBUG:colcon.colcon_core.event_handler.log_command:Invoked command in '/home/felix/doodle/ros2libtutorial/src/my_package/build/my_package' returned '0': CMAKE_PREFIX_PATH=${CMAKE_PREFIX_PATH}:/home/felix/doodle/ros2libtutorial/install/launch_testing_examples:/home/felix/doodle/ros2libtutorial/install/examples_rclpy_pointcloud_publisher:/home/felix/doodle/ros2libtutorial/install/examples_rclpy_minimal_subscriber:/home/felix/doodle/ros2libtutorial/install/examples_rclpy_minimal_service:/home/felix/doodle/ros2libtutorial/install/examples_rclpy_minimal_publisher:/home/felix/doodle/ros2libtutorial/install/examples_rclpy_minimal_client:/home/felix/doodle/ros2libtutorial/install/examples_rclpy_minimal_action_server:/home/felix/doodle/ros2libtutorial/install/examples_rclpy_minimal_action_client:/home/felix/doodle/ros2libtutorial/install/examples_rclpy_guard_conditions:/home/felix/doodle/ros2libtutorial/install/examples_rclpy_executors:/nix/store/4pk1p74r2wd4qaci788dmgmzknkswzyf-ros-env _=/nix/store/74sind1d6vf2bfwd7yklg8chsvzqxmmq-coreutils-9.10/bin/env buildPhase={ echo "------------------------------------------------------------";
  echo " WARNING: the existence of this path is not guaranteed.";
  echo " It is an internal implementation detail for pkgs.mkShell.";
  echo "------------------------------------------------------------";
  echo;
  # Record all build inputs as runtime dependencies
  export;
} >> "$out" shellHook=if [ -f install/setup.sh ]; then
  source install/setup.sh
fi

for qt_plugins in \
  /nix/store/i282hl3017jbvqzp38mhl3vzyhkkc8xs-qtbase-5.15.17-bin/lib/qt-*/plugins \
  /nix/store/fcxay86p8rzpky81h2i1f9yg8hp2clkj-qtwayland-5.15.17-bin/lib/qt-*/plugins
do
  if [ -d "$qt_plugins" ]; then
    export QT_PLUGIN_PATH="$qt_plugins${QT_PLUGIN_PATH:+:$QT_PLUGIN_PATH}"
  fi
done

export XDG_RUNTIME_DIR="${XDG_RUNTIME_DIR:-/run/user/$(id -u)}"
export DISPLAY="${DISPLAY:-:0}"
export WAYLAND_DISPLAY="${WAYLAND_DISPLAY:-wayland-1}"
export XDG_SESSION_TYPE="${XDG_SESSION_TYPE:-wayland}"
export QT_QPA_PLATFORM="${QT_QPA_PLATFORM:-xcb}"

if [ -t 1 ]; then
  exec /nix/store/y4b3b0s45lh95v9hnzl1b2na4n8i30zk-zsh-5.9/bin/zsh
fi /nix/store/n3i9hx4y2y9hmv9rdrlibaqh7075drv4-python3.13-cmake-3.31.7/bin/cmake --install /home/felix/doodle/ros2libtutorial/src/my_package/build/my_package
[-1776745266189649152.000s] Level 1:colcon.colcon_core.environment:checking '/home/felix/doodle/ros2libtutorial/src/my_package/install/my_package' for CMake module files
[-1776745266189649152.000s] Level 1:colcon.colcon_core.environment:checking '/home/felix/doodle/ros2libtutorial/src/my_package/install/my_package' for CMake config files
[-1776745266189649152.000s] Level 1:colcon.colcon_core.shell:create_environment_hook('my_package', 'cmake_prefix_path')
[-1776745266189649152.000s] INFO:colcon.colcon_core.shell:Creating environment descriptor '/home/felix/doodle/ros2libtutorial/src/my_package/install/my_package/share/my_package/hook/cmake_prefix_path.dsv'
[-1776745266189649152.000s] INFO:colcon.colcon_core.shell:Creating environment hook '/home/felix/doodle/ros2libtutorial/src/my_package/install/my_package/share/my_package/hook/cmake_prefix_path.sh'
[-1776745266189649152.000s] Level 1:colcon.colcon_core.environment:checking '/home/felix/doodle/ros2libtutorial/src/my_package/install/my_package/lib'
[-1776745266189649152.000s] Level 1:colcon.colcon_core.environment:checking '/home/felix/doodle/ros2libtutorial/src/my_package/install/my_package/bin'
[-1776745266189649152.000s] Level 1:colcon.colcon_core.environment:checking '/home/felix/doodle/ros2libtutorial/src/my_package/install/my_package/lib/pkgconfig/my_package.pc'
[-1776745266189649152.000s] Level 1:colcon.colcon_core.environment:checking '/home/felix/doodle/ros2libtutorial/src/my_package/install/my_package/lib/python3.13/site-packages'
[-1776745266189649152.000s] Level 1:colcon.colcon_core.environment:checking '/home/felix/doodle/ros2libtutorial/src/my_package/install/my_package/bin'
[-1776745266189649152.000s] INFO:colcon.colcon_core.shell:Creating package descriptor '/home/felix/doodle/ros2libtutorial/src/my_package/install/my_package/share/my_package/package.dsv'
[-1776745266189649152.000s] INFO:colcon.colcon_core.shell:Creating package script '/home/felix/doodle/ros2libtutorial/src/my_package/install/my_package/share/my_package/package.sh'
[-1776745266189649152.000s] INFO:colcon.colcon_core.shell:Creating package script '/home/felix/doodle/ros2libtutorial/src/my_package/install/my_package/share/my_package/package.bash'
[-1776745266189649152.000s] INFO:colcon.colcon_core.shell:Creating package script '/home/felix/doodle/ros2libtutorial/src/my_package/install/my_package/share/my_package/package.zsh'
[-1776745266189649152.000s] Level 1:colcon.colcon_core.environment:create_file_with_runtime_dependencies(/home/felix/doodle/ros2libtutorial/src/my_package/install/my_package/share/colcon-core/packages/my_package)
[-1776745266189649152.000s] Level 1:colcon.colcon_core.environment:create_environment_scripts_only(my_package)
[-1776745266189649152.000s] Level 1:colcon.colcon_core.environment:checking '/home/felix/doodle/ros2libtutorial/src/my_package/install/my_package' for CMake module files
[-1776745266189649152.000s] Level 1:colcon.colcon_core.environment:checking '/home/felix/doodle/ros2libtutorial/src/my_package/install/my_package' for CMake config files
[-1776745266189649152.000s] Level 1:colcon.colcon_core.shell:create_environment_hook('my_package', 'cmake_prefix_path')
[-1776745266189649152.000s] INFO:colcon.colcon_core.shell:Creating environment descriptor '/home/felix/doodle/ros2libtutorial/src/my_package/install/my_package/share/my_package/hook/cmake_prefix_path.dsv'
[-1776745266189649152.000s] INFO:colcon.colcon_core.shell:Creating environment hook '/home/felix/doodle/ros2libtutorial/src/my_package/install/my_package/share/my_package/hook/cmake_prefix_path.sh'
[-1776745266189649152.000s] Level 1:colcon.colcon_core.environment:checking '/home/felix/doodle/ros2libtutorial/src/my_package/install/my_package/lib'
[-1776745266189649152.000s] Level 1:colcon.colcon_core.environment:checking '/home/felix/doodle/ros2libtutorial/src/my_package/install/my_package/bin'
[-1776745266189649152.000s] Level 1:colcon.colcon_core.environment:checking '/home/felix/doodle/ros2libtutorial/src/my_package/install/my_package/lib/pkgconfig/my_package.pc'
[-1776745266189649152.000s] Level 1:colcon.colcon_core.environment:checking '/home/felix/doodle/ros2libtutorial/src/my_package/install/my_package/lib/python3.13/site-packages'
[-1776745266189649152.000s] Level 1:colcon.colcon_core.environment:checking '/home/felix/doodle/ros2libtutorial/src/my_package/install/my_package/bin'
[-1776745266189649152.000s] INFO:colcon.colcon_core.shell:Creating package descriptor '/home/felix/doodle/ros2libtutorial/src/my_package/install/my_package/share/my_package/package.dsv'
[-1776745266189649152.000s] INFO:colcon.colcon_core.shell:Creating package script '/home/felix/doodle/ros2libtutorial/src/my_package/install/my_package/share/my_package/package.sh'
[-1776745266189649152.000s] INFO:colcon.colcon_core.shell:Creating package script '/home/felix/doodle/ros2libtutorial/src/my_package/install/my_package/share/my_package/package.bash'
[-1776745266189649152.000s] INFO:colcon.colcon_core.shell:Creating package script '/home/felix/doodle/ros2libtutorial/src/my_package/install/my_package/share/my_package/package.zsh'
[-1776745266189649152.000s] Level 1:colcon.colcon_core.environment:create_file_with_runtime_dependencies(/home/felix/doodle/ros2libtutorial/src/my_package/install/my_package/share/colcon-core/packages/my_package)
[-1776745266189649152.000s] DEBUG:colcon.colcon_parallel_executor.executor.parallel:closing loop
[-1776745266189649152.000s] DEBUG:colcon.colcon_parallel_executor.executor.parallel:loop closed
[-1776745266189649152.000s] DEBUG:colcon.colcon_parallel_executor.executor.parallel:run_until_complete finished with '0'
[-1776745266189649152.000s] DEBUG:colcon.colcon_core.event_reactor:joining thread
[-1776745266189649152.000s] INFO:colcon.colcon_core.plugin_system:Skipping extension 'colcon_notification.desktop_notification.notify_send': Could not find 'notify-send'
[-1776745266189649152.000s] INFO:colcon.colcon_core.plugin_system:Skipping extension 'colcon_notification.desktop_notification.terminal_notifier': Not used on non-Darwin systems
[-1776745266189649152.000s] INFO:colcon.colcon_core.plugin_system:Skipping extension 'colcon_notification.desktop_notification.win32': Not used on non-Windows systems
[-1776745266189649152.000s] INFO:colcon.colcon_notification.desktop_notification:Sending desktop notification using 'notify2'
[-1776745266189649152.000s] DEBUG:colcon.colcon_core.event_reactor:joined thread
[-1776745266189649152.000s] INFO:colcon.colcon_core.shell:Creating prefix script '/home/felix/doodle/ros2libtutorial/src/my_package/install/local_setup.sh'
[-1776745266189649152.000s] INFO:colcon.colcon_core.shell:Creating prefix util module '/home/felix/doodle/ros2libtutorial/src/my_package/install/_local_setup_util_sh.py'
[-1776745266189649152.000s] INFO:colcon.colcon_core.shell:Creating prefix chain script '/home/felix/doodle/ros2libtutorial/src/my_package/install/setup.sh'
[-1776745266189649152.000s] INFO:colcon.colcon_core.shell:Creating prefix script '/home/felix/doodle/ros2libtutorial/src/my_package/install/local_setup.bash'
[-1776745266189649152.000s] INFO:colcon.colcon_core.shell:Creating prefix chain script '/home/felix/doodle/ros2libtutorial/src/my_package/install/setup.bash'
[-1776745266189649152.000s] INFO:colcon.colcon_core.shell:Creating prefix script '/home/felix/doodle/ros2libtutorial/src/my_package/install/local_setup.zsh'
[-1776745266189649152.000s] INFO:colcon.colcon_core.shell:Creating prefix chain script '/home/felix/doodle/ros2libtutorial/src/my_package/install/setup.zsh'
